123
45#
213
45#
231
45#
23#
451
23#
415
23#
145
32#
145
32#
415
32#
451
321
45#
312
45#
132
45#
13#
452
31#
452
3#1
452
3#2
451
3#2
415
3#2
145
3#5
142
3#5
412
3#5
421
3#1
425
31#
425
13#
425
13#
245
31#
245
3#1
245
3#5
241
3#5
214
3#5
124
#35
124
#35
214
#35
241
#31
245
#13
245
1#3
245
1#3
425
#13
425
#31
425
#35
421
#35
412
#35
142
#32
145
#32
415
#32
451
#31
452
#13
452
1#3
452
1#2
453
#12
453
#21
453
#23
451
#23
415
#23
145
2#3
145
2#3
415
2#3
451
2#1
453
21#
453
12#
453
12#
435
21#
435
2#1
435
2#5
431
2#5
413
2#5
143
#25
143
#25
413
#25
431
#21
435
#12
435
1#2
435
1#5
432
#15
432
#51
432
#52
431
#52
413
#52
143
#53
142
#53
412
#53
421
#51
423
#15
423
1#5
423
1#5
243
#15
243
#51
243
#53
241
#53
214
#53
124
#54
123
#54
213
#54
231
#51
234
#15
234
1#5
234
1#5
324
#15
324
#51
324
#54
321
#54
312
#54
132
#52
134
#52
314
#52
341
#51
342
#15
342
1#5
342
1#2
345
#12
345
#21
345
#25
341
#25
314
#25
134
2#5
134
2#5
314
2#5
341
2#1
345
21#
345
12#
345
125
34#
215
34#
251
34#
25#
341
25#
314
25#
134
52#
134
52#
314
52#
341
521
34#
512
34#
152
34#
15#
342
51#
342
5#1
342
5#2
341
5#2
314
5#2
134
5#4
132
5#4
312
5#4
321
5#1
324
51#
324
15#
324
15#
234
51#
234
5#1
234
5#4
231
5#4
213
5#4
123
5#3
124
5#3
214
5#3
241
5#1
243
51#
243
15#
243
15#
423
51#
423
5#1
423
5#3
421
5#3
412
5#3
142
5#2
143
5#2
413
5#2
431
5#1
432
51#
432
15#
432
152
43#
512
43#
521
43#
52#
431
52#
413
52#
143
25#
143
25#
413
25#
431
251
43#
215
43#
125
43#
125
4#3
215
4#3
251
4#3
253
4#1
253
41#
253
14#
523
14#
523
41#
523
4#1
521
4#3
512
4#3
152
4#3
153
4#2
513
4#2
531
4#2
532
4#1
532
41#
532
14#
53#
142
53#
412
53#
421
531
42#
513
42#
153
42#
153
24#
513
24#
531
24#
53#
241
53#
214
53#
124
35#
124
35#
214
35#
241
351
24#
315
24#
135
24#
135
42#
315
42#
351
42#
35#
421
35#
412
35#
142
352
14#
352
41#
352
4#1
351
4#2
315
4#2
135
4#2
132
4#5
312
4#5
321
4#5
325
4#1
325
41#
325
14#
235
14#
235
41#
235
4#1
231
4#5
213
4#5
123
4#5
123
#45
213
#45
231
#45
235
#41
235
#14
235
1#4
325
1#4
325
#14
325
#41
321
#45
312
#45
132
#45
135
#42
315
#42
351
#42
352
#41
352
#14
352
1#4
354
1#2
354
#12
354
#21
351
#24
315
#24
135
#24
135
2#4
315
2#4
351
2#4
354
2#1
354
21#
354
12#
534
12#
534
21#
534
2#1
531
2#4
513
2#4
153
2#4
153
#24
513
#24
531
#24
534
#21
534
#12
534
1#2
532
1#4
532
#14
532
#41
531
#42
513
#42
153
#42
152
#43
512
#43
521
#43
523
#41
523
#14
523
1#4
253
1#4
253
#14
253
#41
251
#43
215
#43
125
#43
125
#34
215
#34
251
#34
254
#31
254
#13
254
1#3
524
1#3
524
#13
524
#31
521
#34
512
#34
152
#34
154
#32
514
#32
541
#32
542
#31
542
#13
542
1#3
543
1#2
543
#12
543
#21
541
#23
514
#23
154
#23
154
2#3
514
2#3
541
2#3
543
2#1
543
21#
543
12#
54#
123
54#
213
54#
231
541
23#
514
23#
154
23#
154
32#
514
32#
541
32#
54#
321
54#
312
54#
132
542
13#
542
31#
542
3#1
541
3#2
514
3#2
154
3#2
152
3#4
512
3#4
521
3#4
524
3#1
524
31#
524
13#
254
13#
254
31#
254
3#1
251
3#4
215
3#4
125
3#4
124
3#5
214
3#5
241
3#5
245
3#1
245
31#
245
13#
425
13#
425
31#
425
3#1
421
3#5
412
3#5
142
3#5
145
3#2
415
3#2
451
3#2
452
3#1
452
31#
452
13#
45#
132
45#
312
45#
321
451
32#
415
32#
145
32#
145
23#
415
23#
451
23#
45#
231
45#
213
45#
123
453
12#
453
21#
453
2#1
451
2#3
415
2#3
145
2#3
145
#23
415
#23
451
#23
453
#21
453
#12
453
1#2
452
1#3
452
#13
452
#31
451
#32
415
#32
145
#32
142
#35
412
#35
421
#35
425
#31
425
#13
425
1#3
245
1#3
245
#13
245
#31
241
#35
214
#35
124
#35
124
#53
214
#53
241
#53
243
#51
243
#15
243
1#5
423
1#5
423
#15
423
#51
421
#53
412
#53
142
#53
143
#52
413
#52
431
#52
432
#51
432
#15
432
1#5
435
1#2
435
#12
435
#21
431
#25
413
#25
143
#25
143
2#5
413
2#5
431
2#5
435
2#1
435
21#
435
12#
345
12#
345
21#
345
2#1
341
2#5
314
2#5
134
2#5
134
#25
314
#25
341
#25
345
#21
345
#12
345
1#2
342
1#5
342
#15
342
#51
341
#52
314
#52
134
#52
132
#54
312
#54
321
#54
324
#51
324
#15
324
1#5
234
1#5
234
#15
234
#51
231
#54
213
#54
123
#54
123
5#4
213
5#4
231
5#4
234
5#1
234
51#
234
15#
324
15#
324
51#
324
5#1
321
5#4
312
5#4
132
5#4
134
5#2
314
5#2
341
5#2
342
5#1
342
51#
342
15#
34#
152
34#
512
34#
521
341
52#
314
52#
134
52#
134
25#
314
25#
341
25#
34#
251
34#
215
34#
125
43#
125
43#
215
43#
251
431
25#
413
25#
143
25#
143
52#
413
52#
431
52#
43#
521
43#
512
43#
152
432
15#
432
51#
432
5#1
431
5#2
413
5#2
143
5#2
142
5#3
412
5#3
421
5#3
423
5#1
423
51#
423
15#
243
15#
243
51#
243
5#1
241
5#3
214
5#3
124
5#3
124
53#
214
53#
241
53#
24#
531
24#
513
24#
153
42#
153
42#
513
42#
531
421
53#
412
53#
142
53#
14#
532
41#
532
4#1
532
4#2
531
4#2
513
4#2
153
4#3
152
4#3
512
4#3
521
4#1
523
41#
523
14#
523
14#
253
41#
253
4#1
253
4#3
251
4#3
215
4#3
125
4#5
123
4#5
213
4#5
231
4#1
235
41#
235
14#
235
14#
325
41#
325
4#1
325
4#5
321
4#5
312
4#5
132
4#2
135
4#2
315
4#2
351
4#1
352
41#
352
14#
352
142
35#
412
35#
421
35#
42#
351
42#
315
42#
135
24#
135
24#
315
24#
351
241
35#
214
35#
124
35#
12#
354
21#
354
2#1
354
2#4
351
2#4
315
2#4
135
#24
135
#24
315
#24
351
#21
354
#12
354
1#2
354
1#4
352
#14
352
#41
352
#42
351
#42
315
#42
135
#45
132
#45
312
#45
321
#41
325
#14
325
1#4
325
1#4
235
#14
235
#41
235
#45
231
#45
213
#45
123
#43
125
#43
215
#43
251
#41
253
#14
253
1#4
253
1#4
523
#14
523
#41
523
#43
521
#43
512
#43
152
#42
153
#42
513
#42
531
#41
532
#14
532
1#4
532
1#2
534
#12
534
#21
534
#24
531
#24
513
#24
153
2#4
153
2#4
513
2#4
531
2#1
534
21#
534
12#
534
12#
543
21#
543
2#1
543
2#3
541
2#3
514
2#3
154
#23
154
#23
514
#23
541
#21
543
#12
543
1#2
543
1#3
542
#13
542
#31
542
#32
541
#32
514
#32
154
#34
152
#34
512
#34
521
#31
524
#13
524
1#3
524
1#3
254
#13
254
#31
254
#34
251
#34
215
#34
125
3#4
125
3#4
215
3#4
251
3#1
254
31#
254
13#
254
13#
524
31#
524
3#1
524
3#4
521
3#4
512
3#4
152
3#2
154
3#2
514
3#2
541
3#1
542
31#
542
13#
542
132
54#
312
54#
321
54#
32#
541
32#
514
32#
154
23#
154
23#
514
23#
541
231
54#
213
54#
123
54#
